<?xml version="1.0" encoding="UTF-8"?>
<testsuite xmlns:xsi="http://www.w3.org/2001/XMLSchema-instance" xsi:noNamespaceSchemaLocation="https://maven.apache.org/surefire/maven-surefire-plugin/xsd/surefire-test-report-3.0.xsd" version="3.0" name="com.concert.controller.UserControllerExceptionTest" time="0.008" tests="7" errors="0" skipped="7" failures="0">
  <properties/>
  <testcase name="testGetAllUsersSuccess" classname="com.concert.controller.UserControllerExceptionTest" time="0">
    <skipped message="Disabled due to Spring Security context conflicts in WebMvcTest; covered by integration tests elsewhere"/>
  </testcase>
  <testcase name="testGetAllUsersWithException" classname="com.concert.controller.UserControllerExceptionTest" time="0">
    <skipped message="Disabled due to Spring Security context conflicts in WebMvcTest; covered by integration tests elsewhere"/>
  </testcase>
  <testcase name="testGetAllUsersWithoutAuthentication" classname="com.concert.controller.UserControllerExceptionTest" time="0">
    <skipped message="Disabled due to Spring Security context conflicts in WebMvcTest; covered by integration tests elsewhere"/>
  </testcase>
  <testcase name="testGetUserByIdSuccess" classname="com.concert.controller.UserControllerExceptionTest" time="0">
    <skipped message="Disabled due to Spring Security context conflicts in WebMvcTest; covered by integration tests elsewhere"/>
  </testcase>
  <testcase name="testGetUserByIdWithoutAuthentication" classname="com.concert.controller.UserControllerExceptionTest" time="0">
    <skipped message="Disabled due to Spring Security context conflicts in WebMvcTest; covered by integration tests elsewhere"/>
  </testcase>
  <testcase name="testGetUserByIdNotFound" classname="com.concert.controller.UserControllerExceptionTest" time="0">
    <skipped message="Disabled due to Spring Security context conflicts in WebMvcTest; covered by integration tests elsewhere"/>
  </testcase>
  <testcase name="testGetUserByIdWithException" classname="com.concert.controller.UserControllerExceptionTest" time="0">
    <skipped message="Disabled due to Spring Security context conflicts in WebMvcTest; covered by integration tests elsewhere"/>
  </testcase>
</testsuite>